20170715 17:26:29  [INFO] UniBServer  System starting......
20170715 17:26:29  [INFO] UniBServer  Init global config OK!
20170715 17:26:30  [INFO] kafeihu.zk.database.pool.DBConnectionPool   [id=zkchat, username=root, jdbcUrl=jdbc:mysql://127.0.0.1/zkMoney, maxSize=50, minSize=2]
20170715 17:26:30  [INFO] 连接名：  zkchat
20170715 17:26:30  [INFO] UniBServer  PreLoad classes OK!
20170715 17:26:30  [INFO] UniBServer  RegisterShutdownHooks OK!
20170715 17:26:30  [INFO] kafeihu.zk.bserver.socket.BSocketServer  started. [alias=SocketServer-NPS, port=8010]
20170715 17:26:30  [INFO] kafeihu.zk.bserver.schedule.task.SystemMaintenanceMonitor  TaskName:systemMaintenanceMon PolicyId:monitorPolicy ModuleName:null
20170715 17:26:30  [INFO] UniBServer  StartServiceManager OK!
20170715 17:26:30  [INFO] Active module:   monitor, zkchat
20170715 17:26:30  [INFO] UniBServer  System started

20170715 17:26:34  [INFO] kafeihu.zk.bserver.socket.BSocketServer  stopped. [alias=SocketServer-NPS, port=8010]
20170715 17:26:34  [INFO] kafeihu.zk.database.pool.DBConnectionPool  closed.  [id=zkchat, username=root, jdbcUrl=jdbc:mysql://127.0.0.1/zkMoney, maxSize=50, minSize=2]
20170715 17:26:34  [INFO] UniBServer  System exit
20170715 17:49:29  [INFO] UniBServer  System starting......
20170715 17:49:29  [INFO] UniBServer  Init global config OK!
20170715 17:49:30  [INFO] kafeihu.zk.database.pool.DBConnectionPool   [id=zkchat, username=root, jdbcUrl=jdbc:mysql://127.0.0.1/zkMoney, maxSize=50, minSize=2]
20170715 17:49:30  [INFO] 连接名：  zkchat
20170715 17:49:30  [INFO] UniBServer  PreLoad classes OK!
20170715 17:49:30  [INFO] UniBServer  RegisterShutdownHooks OK!
20170715 17:49:30  [INFO] kafeihu.zk.bserver.socket.BSocketServer  started. [alias=SocketServer-NPS, port=8010]
20170715 17:49:31  [INFO] kafeihu.zk.bserver.schedule.task.SystemMaintenanceMonitor  TaskName:systemMaintenanceMon PolicyId:monitorPolicy ModuleName:null
20170715 17:49:31  [INFO] UniBServer  StartServiceManager OK!
20170715 17:49:31  [INFO] Active module:   monitor, zkchat
20170715 17:49:31  [INFO] UniBServer  System started

20170715 17:49:45  [INFO] kafeihu.zk.bserver.socket.BSocketServer  stopped. [alias=SocketServer-NPS, port=8010]
20170715 17:49:45  [INFO] kafeihu.zk.database.pool.DBConnectionPool  closed.  [id=zkchat, username=root, jdbcUrl=jdbc:mysql://127.0.0.1/zkMoney, maxSize=50, minSize=2]
20170715 17:49:45  [INFO] UniBServer  System exit
20170715 17:59:22  [INFO] UniBServer  System starting......
20170715 17:59:22  [INFO] UniBServer  Init global config OK!
20170715 17:59:22  [INFO] kafeihu.zk.database.pool.DBConnectionPool   [id=zkchat, username=root, jdbcUrl=jdbc:mysql://127.0.0.1/zkMoney, maxSize=50, minSize=2]
20170715 17:59:22  [INFO] 连接名：  zkchat
20170715 17:59:23  [INFO] UniBServer  PreLoad classes OK!
20170715 17:59:23  [INFO] UniBServer  RegisterShutdownHooks OK!
20170715 17:59:23  [INFO] kafeihu.zk.bserver.socket.BSocketServer  started. [alias=SocketServer-NPS, port=8010]
20170715 17:59:23  [INFO] kafeihu.zk.bserver.schedule.task.SystemMaintenanceMonitor  TaskName:systemMaintenanceMon PolicyId:monitorPolicy ModuleName:null
20170715 17:59:23  [INFO] UniBServer  StartServiceManager OK!
20170715 17:59:23  [INFO] Active module:   monitor, zkchat
20170715 17:59:23  [INFO] UniBServer  System started

20170715 17:59:25  [INFO] kafeihu.zk.bserver.socket.BSocketServer  stopped. [alias=SocketServer-NPS, port=8010]
20170715 17:59:25  [INFO] kafeihu.zk.database.pool.DBConnectionPool  closed.  [id=zkchat, username=root, jdbcUrl=jdbc:mysql://127.0.0.1/zkMoney, maxSize=50, minSize=2]
20170715 17:59:25  [INFO] UniBServer  System exit
20170715 18:01:49  [INFO] UniBServer  System starting......
20170715 18:01:49  [INFO] UniBServer  Init global config OK!
20170715 18:01:50  [INFO] kafeihu.zk.database.pool.DBConnectionPool   [id=zkchat, username=root, jdbcUrl=jdbc:mysql://127.0.0.1/zkMoney, maxSize=50, minSize=2]
20170715 18:01:50  [INFO] 连接名：  zkchat
20170715 18:01:50  [INFO] UniBServer  PreLoad classes OK!
20170715 18:01:50  [INFO] UniBServer  RegisterShutdownHooks OK!
20170715 18:01:50  [INFO] kafeihu.zk.bserver.socket.BSocketServer  started. [alias=SocketServer-NPS, port=8010]
20170715 18:01:50  [INFO] kafeihu.zk.bserver.schedule.task.SystemMaintenanceMonitor  TaskName:systemMaintenanceMon PolicyId:monitorPolicy ModuleName:null
20170715 18:01:50  [INFO] UniBServer  StartServiceManager OK!
20170715 18:01:50  [INFO] Active module:   monitor, zkchat
20170715 18:01:50  [INFO] UniBServer  System started

20170715 18:01:52  [INFO] kafeihu.zk.bserver.socket.BSocketServer  stopped. [alias=SocketServer-NPS, port=8010]
20170715 18:01:52  [INFO] kafeihu.zk.database.pool.DBConnectionPool  closed.  [id=zkchat, username=root, jdbcUrl=jdbc:mysql://127.0.0.1/zkMoney, maxSize=50, minSize=2]
20170715 18:01:52  [INFO] UniBServer  System exit
20170715 18:54:19  [INFO] UniBServer  System starting......
20170715 18:54:19  [INFO] UniBServer  Init global config OK!
20170715 18:55:14  [INFO] UniBServer  System starting......
20170715 18:55:14  [INFO] UniBServer  Init global config OK!
20170715 18:55:15  [INFO] kafeihu.zk.database.pool.DBConnectionPool   [id=zkchat, username=root, jdbcUrl=jdbc:mysql://127.0.0.1/zkMoney, maxSize=50, minSize=2]
20170715 18:55:15  [INFO] 连接名：  zkchat
20170715 18:55:15  [INFO] UniBServer  PreLoad classes OK!
20170715 18:55:15  [INFO] UniBServer  RegisterShutdownHooks OK!
20170715 18:55:15  [INFO] kafeihu.zk.bserver.socket.BSocketServer  started. [alias=SocketServer-NPS, port=8010]
20170715 18:55:15  [INFO] kafeihu.zk.bserver.schedule.task.SystemMaintenanceMonitor  TaskName:systemMaintenanceMon PolicyId:monitorPolicy ModuleName:null
20170715 18:55:16  [INFO] UniBServer  StartServiceManager OK!
20170715 18:55:16  [INFO] Active module:   monitor, zkchat
20170715 18:55:16  [INFO] UniBServer  System started

20170715 18:55:22  [INFO] kafeihu.zk.bserver.socket.BSocketServer  stopped. [alias=SocketServer-NPS, port=8010]
20170715 18:55:22  [INFO] kafeihu.zk.database.pool.DBConnectionPool  closed.  [id=zkchat, username=root, jdbcUrl=jdbc:mysql://127.0.0.1/zkMoney, maxSize=50, minSize=2]
20170715 18:55:22  [INFO] UniBServer  System exit
